<?xml version="1.0" encoding="UTF-8"?>
<!-- Generated by org.testng.reporters.JUnitReportReporter -->
<testsuite skipped="0" hostname="LAPTOP-HEN8AC4S" name="test.report" tests="1" failures="0" timestamp="2022-03-12T20:09:43 IST" time="0.939" errors="0">
  <testcase name="learnreports" time="0.939" classname="test.report"/>
</testsuite> <!-- test.report -->
